<?xml version="1.0" encoding="UTF-8" ?>
<testsuites>
 <testsuite name="Graph" timestamp="2015-07-13T00:12:51" hostname="localhost" time="0.003" errors="0" tests="2" skipped="0" disabled="0" failures="0">
  <testcase classname="Graph" name="Direction" time="0.001" />
  <testcase classname="Graph" name="Consistency" time="0.001" />
 </testsuite>
 <testsuite name="AcyclicGraph" timestamp="2015-07-13T00:12:51" hostname="localhost" time="0" errors="0" tests="2" skipped="0" disabled="0" failures="0">
  <testcase classname="AcyclicGraph" name="Direction" time="0" />
  <testcase classname="AcyclicGraph" name="Consistency" time="0" />
 </testsuite>
 <testsuite name="Tree" timestamp="2015-07-13T00:12:51" hostname="localhost" time="0.001" errors="0" tests="2" skipped="0" disabled="0" failures="0">
  <testcase classname="Tree" name="Direction" time="0" />
  <testcase classname="Tree" name="Consistency" time="0.001" />
 </testsuite>
</testsuites>