<?xml version="1.0" encoding="UTF-8" ?>
<testsuites>
 <testsuite name="Graph" timestamp="2015-05-07T13:41:51" hostname="localhost" time="0.006" errors="0" tests="2" skipped="0" disabled="0" failures="0">
  <testcase classname="Graph" name="Direction" time="0.004">
  </testcase>
  <testcase classname="Graph" name="Consistency" time="0">
  </testcase>
 </testsuite>
 <testsuite name="AcyclicGraph" timestamp="2015-05-07T13:41:51" hostname="localhost" time="0.001" errors="0" tests="2" skipped="0" disabled="0" failures="0">
  <testcase classname="AcyclicGraph" name="Direction" time="0">
  </testcase>
  <testcase classname="AcyclicGraph" name="Consistency" time="0">
  </testcase>
 </testsuite>
 <testsuite name="Tree" timestamp="2015-05-07T13:41:51" hostname="localhost" time="0" errors="0" tests="2" skipped="0" disabled="0" failures="0">
  <testcase classname="Tree" name="Direction" time="0">
  </testcase>
  <testcase classname="Tree" name="Consistency" time="0">
  </testcase>
 </testsuite>
 <testsuite name="layer" timestamp="2015-05-07T13:41:51" hostname="localhost" time="1.309" errors="0" tests="3" skipped="0" disabled="0" failures="0">
  <testcase classname="layer" name="Basic" time="1.103">
  </testcase>
  <testcase classname="layer" name="Modifier" time="0.101">
  </testcase>
  <testcase classname="layer" name="Translation" time="0.105">
  </testcase>
 </testsuite>
</testsuites>