<?xml version="1.0" encoding="UTF-8" ?>
<testsuites>
 <testsuite name="Graph" timestamp="2015-05-04T22:48:11" hostname="localhost" time="0.004" errors="0" tests="1" skipped="0" disabled="0" failures="0">
  <testcase classname="Graph" name="Direction" time="0.003">
  </testcase>
 </testsuite>
 <testsuite name="AcyclicGraph" timestamp="2015-05-04T22:48:11" hostname="localhost" time="0" errors="0" tests="1" skipped="0" disabled="0" failures="0">
  <testcase classname="AcyclicGraph" name="Direction" time="0">
  </testcase>
 </testsuite>
 <testsuite name="Tree" timestamp="2015-05-04T22:48:11" hostname="localhost" time="0" errors="0" tests="1" skipped="0" disabled="0" failures="0">
  <testcase classname="Tree" name="Direction" time="0">
  </testcase>
 </testsuite>
 <testsuite name="Graph" timestamp="2015-05-04T22:48:11" hostname="localhost" time="0.001" errors="0" tests="2" skipped="0" disabled="0" failures="0">
  <testcase classname="Graph" name="Direction" time="0.001">
  </testcase>
  <testcase classname="Graph" name="Consistency" time="0">
  </testcase>
 </testsuite>
 <testsuite name="AcyclicGraph" timestamp="2015-05-04T22:48:11" hostname="localhost" time="0.001" errors="0" tests="2" skipped="0" disabled="0" failures="0">
  <testcase classname="AcyclicGraph" name="Direction" time="0">
  </testcase>
  <testcase classname="AcyclicGraph" name="Consistency" time="0">
  </testcase>
 </testsuite>
 <testsuite name="Tree" timestamp="2015-05-04T22:48:11" hostname="localhost" time="0" errors="0" tests="2" skipped="0" disabled="0" failures="0">
  <testcase classname="Tree" name="Direction" time="0">
  </testcase>
  <testcase classname="Tree" name="Consistency" time="0">
  </testcase>
 </testsuite>
 <testsuite name="layer" timestamp="2015-05-04T22:48:11" hostname="localhost" time="0.003" errors="0" tests="2" skipped="0" disabled="0" failures="0">
  <testcase classname="layer" name="Basic" time="0.001">
  </testcase>
  <testcase classname="layer" name="Modifier" time="0.001">
  </testcase>
 </testsuite>
 <testsuite name="transition" timestamp="2015-05-04T22:48:11" hostname="localhost" time="1.104" errors="0" tests="3" skipped="0" disabled="2" failures="0">
  <testcase classname="transition" name="Basic" time="1.102">
  </testcase>
  <testcase classname="transition" name="Modifier" time="0"><skipped />
  </testcase>
  <testcase classname="transition" name="Translation" time="0"><skipped />
  </testcase>
 </testsuite>
</testsuites>